<?xml version="1.0" encoding="UTF-8"?>
<!-- Generated by org.testng.reporters.JUnitXMLReporter -->
<testsuite hostname="WKMGB6746970" ignored="0" name="TestRunner" tests="3" failures="0" timestamp="26 Aug 2019 19:17:04 GMT" time="0.477" errors="0">
  <testcase name="Price_Conversion_Test_Data_Additional_Product" time="0.41" classname="wtt.comparator.ConversionTest"/>
  <testcase name="Price_Conversion_Test_Data_Mismatch" time="0.023" classname="wtt.comparator.ConversionTest"/>
  <testcase name="Price_Conversion_Test_Pass" time="0.023" classname="wtt.comparator.ConversionTest"/>
</testsuite> <!-- TestRunner -->
