<?xml version="1.0" encoding="UTF-8"?>
<!-- Generated by org.testng.reporters.JUnitXMLReporter -->
<testsuite hostname="Biswadeeps-MacBook-Pro.local" ignored="0" name="Default test" tests="3" failures="0" timestamp="26 Aug 2019 19:01:02 GMT" time="1.605" errors="0">
  <testcase name="Price_Conversion_Test_Data_Additional_Product" time="1.391" classname="wtt.comparator.ConversionTest"/>
  <testcase name="Price_Conversion_Test_Data_Mismatch" time="0.095" classname="wtt.comparator.ConversionTest"/>
  <testcase name="Price_Conversion_Test_Pass" time="0.063" classname="wtt.comparator.ConversionTest"/>
</testsuite> <!-- Default test -->
