<?xml version="1.0" encoding="UTF-8"?>
<testng-results skipped="0" failed="0" ignored="0" total="3" passed="3">
  <reporter-output>
  </reporter-output>
  <suite name="wtt.comparator.ConversionTest" duration-ms="481" started-at="2019-08-26T19:16:46Z" finished-at="2019-08-26T19:16:46Z">
    <groups>
    </groups>
    <test name="Command line test" duration-ms="481" started-at="2019-08-26T19:16:46Z" finished-at="2019-08-26T19:16:46Z">
      <class name="wtt.comparator.ConversionTest">
        <test-method status="PASS" signature="Price_Conversion_Test_Data_Additional_Product()[pri:0, instance:wtt.comparator.ConversionTest@5594a1b5]" name="Price_Conversion_Test_Data_Additional_Product" duration-ms="414" started-at="2019-08-26T19:16:46Z" description="The values in the sheets should not match, Product Added" finished-at="2019-08-26T19:16:46Z">
          <reporter-output>
          </reporter-output>
        </test-method> <!-- Price_Conversion_Test_Data_Additional_Product -->
        <test-method status="PASS" signature="Price_Conversion_Test_Data_Mismatch()[pri:0, instance:wtt.comparator.ConversionTest@5594a1b5]" name="Price_Conversion_Test_Data_Mismatch" duration-ms="24" started-at="2019-08-26T19:16:46Z" description="The values in the sheets should not match, Variety Added " finished-at="2019-08-26T19:16:46Z">
          <reporter-output>
          </reporter-output>
        </test-method> <!-- Price_Conversion_Test_Data_Mismatch -->
        <test-method status="PASS" signature="Price_Conversion_Test_Pass()[pri:0, instance:wtt.comparator.ConversionTest@5594a1b5]" name="Price_Conversion_Test_Pass" duration-ms="24" started-at="2019-08-26T19:16:46Z" description="The values in the sheets are as expected" finished-at="2019-08-26T19:16:46Z">
          <reporter-output>
          </reporter-output>
        </test-method> <!-- Price_Conversion_Test_Pass -->
      </class> <!-- wtt.comparator.ConversionTest -->
    </test> <!-- Command line test -->
  </suite> <!-- wtt.comparator.ConversionTest -->
</testng-results>
