<?xml version="1.0" encoding="UTF-8"?>
<testng-results skipped="0" failed="0" ignored="0" total="3" passed="3">
  <reporter-output>
  </reporter-output>
  <suite name="ConvertProductPrice" duration-ms="477" started-at="2019-08-26T19:17:03Z" finished-at="2019-08-26T19:17:04Z">
    <groups>
    </groups>
    <test name="TestRunner" duration-ms="477" started-at="2019-08-26T19:17:03Z" finished-at="2019-08-26T19:17:04Z">
      <class name="wtt.comparator.ConversionTest">
        <test-method status="PASS" signature="Price_Conversion_Test_Data_Additional_Product()[pri:0, instance:wtt.comparator.ConversionTest@4520ebad]" name="Price_Conversion_Test_Data_Additional_Product" duration-ms="410" started-at="2019-08-26T19:17:03Z" description="The values in the sheets should not match, Product Added" finished-at="2019-08-26T19:17:04Z">
          <reporter-output>
          </reporter-output>
        </test-method> <!-- Price_Conversion_Test_Data_Additional_Product -->
        <test-method status="PASS" signature="Price_Conversion_Test_Data_Mismatch()[pri:0, instance:wtt.comparator.ConversionTest@4520ebad]" name="Price_Conversion_Test_Data_Mismatch" duration-ms="23" started-at="2019-08-26T19:17:04Z" description="The values in the sheets should not match, Variety Added " finished-at="2019-08-26T19:17:04Z">
          <reporter-output>
          </reporter-output>
        </test-method> <!-- Price_Conversion_Test_Data_Mismatch -->
        <test-method status="PASS" signature="Price_Conversion_Test_Pass()[pri:0, instance:wtt.comparator.ConversionTest@4520ebad]" name="Price_Conversion_Test_Pass" duration-ms="23" started-at="2019-08-26T19:17:04Z" description="The values in the sheets are as expected" finished-at="2019-08-26T19:17:04Z">
          <reporter-output>
          </reporter-output>
        </test-method> <!-- Price_Conversion_Test_Pass -->
      </class> <!-- wtt.comparator.ConversionTest -->
    </test> <!-- TestRunner -->
  </suite> <!-- ConvertProductPrice -->
</testng-results>
